c:\users\mwolst300\source\repos\division\division\division\debug\vc143.pdb
c:\users\mwolst300\source\repos\division\division\division\debug\vc143.idb
c:\users\mwolst300\source\repos\division\division\division\debug\rigidbody.obj
c:\users\mwolst300\source\repos\division\division\division\debug\renderable.obj
c:\users\mwolst300\source\repos\division\division\division\debug\input.obj
c:\users\mwolst300\source\repos\division\division\division\debug\graphics.obj
c:\users\mwolst300\source\repos\division\division\division\debug\ecs.obj
c:\users\mwolst300\source\repos\division\division\division\debug\collider.obj
c:\users\mwolst300\source\repos\division\division\division\debug\game.obj
c:\users\mwolst300\source\repos\division\division\division\debug\windows.obj
c:\users\mwolst300\source\repos\division\division\division\debug\math.obj
c:\users\mwolst300\source\repos\division\division\division\debug\arena.obj
c:\users\mwolst300\source\repos\division\division\division\debug\dllmain.obj
c:\users\mwolst300\source\repos\division\division\debug\division.dll
c:\users\mwolst300\source\repos\division\division\debug\division.pdb
c:\users\mwolst300\source\repos\division\division\debug\division.lib
c:\users\mwolst300\source\repos\division\division\debug\division.exp
c:\users\mwolst300\source\repos\division\division\division\debug\division.ilk
c:\users\mwolst300\source\repos\division\division\division\debug\pch.obj
c:\users\mwolst300\source\repos\division\division\division\debug\division.pch
c:\users\mwolst300\source\repos\division\division\division\debug\division.tlog\cl.command.1.tlog
c:\users\mwolst300\source\repos\division\division\division\debug\division.tlog\cl.items.tlog
c:\users\mwolst300\source\repos\division\division\division\debug\division.tlog\cl.read.1.tlog
c:\users\mwolst300\source\repos\division\division\division\debug\division.tlog\cl.write.1.tlog
c:\users\mwolst300\source\repos\division\division\division\debug\division.tlog\link.command.1.tlog
c:\users\mwolst300\source\repos\division\division\division\debug\division.tlog\link.read.1.tlog
c:\users\mwolst300\source\repos\division\division\division\debug\division.tlog\link.secondary.1.tlog
c:\users\mwolst300\source\repos\division\division\division\debug\division.tlog\link.write.1.tlog
