C:\Program Files\Microsoft Visual Studio\2022\Community\MSBuild\Microsoft\VC\v170\Microsoft.CppBuild.targets(531,5): warning MSB8028: The intermediate directory (x64\Debug\) contains files shared from another project (Lab1.vcxproj).  This can lead to incorrect clean and rebuild behavior.
  arena.cpp
  math.cpp
  rigidbody.cpp
  Generating Code...
  windows.cpp
C:\Dev\Division\Division Engine\Engine\Core\windows.cpp(271,8): warning C4244: 'argument': conversion from 'unsigned __int64' to 'DWORD', possible loss of data
  game.cpp
C:\Dev\Division\Division Engine\Engine\Game\game.cpp(94,22): warning C4018: '<': signed/unsigned mismatch
  graphics.cpp
  main.cpp
C:\Dev\Division\Division Engine\Src\main.cpp(15,34): warning C4244: '=': conversion from 'int' to 'float', possible loss of data
C:\Dev\Division\Division Engine\Src\main.cpp(16,34): warning C4244: '=': conversion from 'int' to 'float', possible loss of data
C:\Dev\Division\Division Engine\Src\main.cpp(59,20): warning C4018: '<': signed/unsigned mismatch
  Generating Code...
  ECS.cpp
  input.cpp
  ECS.obj : MSIL .netmodule or module compiled with /GL found; restarting link with /LTCG; add /LTCG to the link command line to improve linker performance
LINK : warning LNK4075: ignoring '/INCREMENTAL' due to '/LTCG' specification
LINK : warning LNK4098: defaultlib 'MSVCRT' conflicts with use of other libs; use /NODEFAULTLIB:library
  Generating code
  Finished generating code
  Division Engine.vcxproj -> C:\Dev\Division\x64\Debug\Division Engine.exe
